<?xml version="1.0" encoding="UTF-8"?>
<!-- Generated by org.testng.reporters.JUnitReportReporter -->
<testsuite hostname="INDLAPTOP0258" failures="0" tests="1" name="pacakge2.Demo" time="0.003" errors="0" timestamp="2023-05-08T13:28:47 IST" skipped="0">
  <testcase classname="pacakge2.Demo" name="show" time="0.003"/>
  <system-out/>
</testsuite> <!-- pacakge2.Demo -->
