<?xml version="1.0" encoding="UTF-8"?>
<!-- Generated by org.testng.reporters.JUnitReportReporter -->
<testsuite hostname="INDLAPTOP0258" failures="0" tests="3" name="Praatices.DifferentclassDataP" time="0.026" errors="0" timestamp="2023-05-13T18:21:01 IST" skipped="0">
  <testcase classname="Praatices.DifferentclassDataP" name="logintest" time="0.014"/>
  <system-out/>
  <testcase classname="Praatices.DifferentclassDataP" name="logintest" time="0.009"/>
  <system-out/>
  <testcase classname="Praatices.DifferentclassDataP" name="logintest" time="0.003"/>
  <system-out/>
</testsuite> <!-- Praatices.DifferentclassDataP -->
