<?xml version="1.0" encoding="UTF-8"?>
<!-- Generated by org.testng.reporters.JUnitReportReporter -->
<testsuite hostname="INDLAPTOP0258" failures="0" tests="3" name="Praatices.TestNgParameterDemo" time="0.029" errors="0" timestamp="2023-05-11T10:19:48 IST" skipped="0">
  <testcase classname="Praatices.TestNgParameterDemo" name="add" time="0.023"/>
  <system-out/>
  <testcase classname="Praatices.TestNgParameterDemo" name="substraction" time="0.003"/>
  <system-out/>
  <testcase classname="Praatices.TestNgParameterDemo" name="multiply" time="0.003"/>
  <system-out/>
</testsuite> <!-- Praatices.TestNgParameterDemo -->
