<?xml version="1.0" encoding="UTF-8"?>
<!-- Generated by org.testng.reporters.JUnitReportReporter -->
<testsuite hostname="INDLAPTOP0258" failures="0" tests="2" name="pacakge2.LoanDepartment" time="0.038" errors="0" timestamp="2023-05-08T15:23:38 IST" skipped="0">
  <testcase classname="pacakge2.LoanDepartment" name="APILoginAutomobileloan" time="0.023"/>
  <system-out/>
  <testcase classname="pacakge2.LoanDepartment" name="APILoginPersonal" time="0.015"/>
  <system-out/>
</testsuite> <!-- pacakge2.LoanDepartment -->
