<?xml version="1.0" encoding="UTF-8"?>
<!-- Generated by org.testng.reporters.JUnitReportReporter -->
<testsuite hostname="INDLAPTOP0258" failures="0" tests="3" name="Praatices.DataProviderExample" time="0.023" errors="0" timestamp="2023-05-13T18:05:34 IST" skipped="0">
  <testcase classname="Praatices.DataProviderExample" name="logintest" time="0.003"/>
  <system-out/>
  <testcase classname="Praatices.DataProviderExample" name="logintest" time="0.017"/>
  <system-out/>
  <testcase classname="Praatices.DataProviderExample" name="logintest" time="0.003"/>
  <system-out/>
</testsuite> <!-- Praatices.DataProviderExample -->
