<?xml version="1.0" encoding="UTF-8"?>
<!-- Generated by org.testng.reporters.JUnitReportReporter -->
<testsuite hostname="INDLAPTOP0258" failures="0" tests="2" name="pacakge2.TestCase2" time="0.004" errors="0" timestamp="2023-05-08T16:29:09 IST" skipped="0">
  <testcase classname="pacakge2.TestCase2" name="test4" time="0.002"/>
  <system-out/>
  <testcase classname="pacakge2.TestCase2" name="test3" time="0.002"/>
  <system-out/>
</testsuite> <!-- pacakge2.TestCase2 -->
