<?xml version="1.0" encoding="UTF-8"?>
<!-- Generated by org.testng.reporters.JUnitReportReporter -->
<testsuite hostname="INDLAPTOP0258" failures="0" tests="2" name="pacakge2.TestCase1" time="0.020" errors="0" timestamp="2023-05-08T16:39:23 IST" skipped="0">
  <testcase classname="pacakge2.TestCase1" name="test2" time="0.005"/>
  <system-out/>
  <testcase classname="pacakge2.TestCase1" name="test1" time="0.015"/>
  <system-out/>
</testsuite> <!-- pacakge2.TestCase1 -->
