<?xml version="1.0" encoding="UTF-8"?>
<!-- Generated by org.testng.reporters.JUnitReportReporter -->
<testsuite hostname="INDLAPTOP0258" failures="0" tests="3" name="pacakge2.AnntationAttribute" time="0.033" errors="0" timestamp="2023-05-08T21:06:51 IST" skipped="1">
  <testcase classname="pacakge2.AnntationAttribute" name="TestCase2" time="0.022"/>
  <system-out/>
  <testcase classname="pacakge2.AnntationAttribute" name="TestCase3" time="0.011"/>
  <system-out/>
  <testcase classname="pacakge2.AnntationAttribute" name="TestCase1">
    <skipped/>
  </testcase> <!-- TestCase1 -->
  <system-out/>
</testsuite> <!-- pacakge2.AnntationAttribute -->
