<?xml version="1.0" encoding="UTF-8"?>
<!-- Generated by org.testng.reporters.JUnitReportReporter -->
<testsuite hostname="INDLAPTOP0258" failures="0" tests="3" name="pacakge2.GroupAttributes" time="0.028" errors="0" timestamp="2023-05-08T21:26:41 IST" skipped="0">
  <testcase classname="pacakge2.GroupAttributes" name="Wipro" time="0.004"/>
  <system-out/>
  <testcase classname="pacakge2.GroupAttributes" name="KPIT" time="0.017"/>
  <system-out/>
  <testcase classname="pacakge2.GroupAttributes" name="infosys" time="0.007"/>
  <system-out/>
</testsuite> <!-- pacakge2.GroupAttributes -->
