<?xml version="1.0" encoding="UTF-8"?>
<!-- Generated by org.testng.reporters.JUnitReportReporter -->
<testsuite hostname="INDLAPTOP0258" failures="0" tests="1" name="Praatices.SoftwareCompanyparamerters" time="0.007" errors="0" timestamp="2023-05-11T10:19:48 IST" skipped="0">
  <testcase classname="Praatices.SoftwareCompanyparamerters" name="testCase1" time="0.007"/>
  <system-out/>
</testsuite> <!-- Praatices.SoftwareCompanyparamerters -->
