<?xml version="1.0" encoding="UTF-8"?>
<!-- Generated by org.testng.reporters.JUnitReportReporter -->
<testsuite hostname="INDLAPTOP0258" failures="0" tests="1" name="Praatices.OrangeHRM" time="10.376" errors="0" timestamp="2023-05-08T13:28:47 IST" skipped="0">
  <testcase classname="Praatices.OrangeHRM" name="Test" time="10.376"/>
  <system-out/>
</testsuite> <!-- Praatices.OrangeHRM -->
