<?xml version="1.0" encoding="UTF-8"?>
<!-- Generated by org.testng.reporters.JUnitReportReporter -->
<testsuite hostname="INDLAPTOP0258" failures="0" tests="2" name="pacakge2.TestParametereGoogle" time="12.727" errors="0" timestamp="2023-05-11T11:32:37 IST" skipped="0">
  <testcase classname="pacakge2.TestParametereGoogle" name="googleSearch" time="7.077"/>
  <system-out/>
  <testcase classname="pacakge2.TestParametereGoogle" name="googleSearch" time="5.650"/>
  <system-out/>
</testsuite> <!-- pacakge2.TestParametereGoogle -->
