<?xml version="1.0" encoding="UTF-8"?>
<!-- Generated by org.testng.reporters.JUnitReportReporter -->
<testsuite hostname="INDLAPTOP0258" failures="0" tests="3" name="pacakge2.DataProvidergoogle" time="20.980" errors="0" timestamp="2023-05-13T19:05:33 IST" skipped="0">
  <testcase classname="pacakge2.DataProvidergoogle" name="Googlesearch" time="5.638"/>
  <system-out/>
  <testcase classname="pacakge2.DataProvidergoogle" name="Googlesearch" time="5.538"/>
  <system-out/>
  <testcase classname="pacakge2.DataProvidergoogle" name="Googlesearch" time="9.804"/>
  <system-out/>
</testsuite> <!-- pacakge2.DataProvidergoogle -->
